=== Run information ===

Scheme:       weka.clusterers.SimpleKMeans -init 0 -max-candidates 100 -periodic-pruning 10000 -min-density 2.0 -t1 -1.25 -t2 -1.0 -N 5 -A "weka.core.EuclideanDistance -R first-last" -I 500 -num-slots 1 -S 10
Relation:     heart
Instances:    297
Attributes:   14
              age
              sex
              cp
              trestbps
              chol
              fbs
              restecg
              thalach
              exang
              oldpeak
              slope
              ca
              thal
              goal
Test mode:    split 99% train, remainder test


=== Clustering model (full training set) ===


kMeans
======

Number of iterations: 9
Within cluster sum of squared errors: 262.6180383706911

Initial starting points (random):

Cluster 0: 66,0,1,150,226,0,0,114,0,2.6,3,0,3,0
Cluster 1: 39,1,4,118,219,0,0,140,0,1.2,2,0,7,3
Cluster 2: 58,1,4,128,259,0,2,130,1,3,2,2,7,3
Cluster 3: 42,1,1,148,244,0,2,178,0,0.8,1,2,3,0
Cluster 4: 45,1,4,142,309,0,2,147,1,0,2,3,7,3

Missing values globally replaced with mean/mode

Final cluster centroids:
                         Cluster#
Attribute    Full Data          0          1          2          3          4
               (297.0)     (81.0)     (44.0)     (64.0)     (72.0)     (36.0)
=============================================================================
age            54.5421    55.1852    53.3864    56.4688    50.5139    59.1389
sex             0.6768          0     0.9773     0.8594          1     0.8611
cp              3.1582     3.0123     3.2045     3.9063     2.6528     3.1111
trestbps      131.6936   130.7901   126.8409   134.4063   129.3333   139.5556
chol          247.3502   256.0988   228.1591   255.0469   237.3056   257.5278
fbs             0.1448     0.0988     0.2273     0.1719     0.1528     0.0833
restecg         0.9966     0.8642          0     1.3906     0.9167     1.9722
thalach       149.5993   153.7778   151.2273   129.3906   162.3611   148.6111
exang           0.3266     0.1605     0.2955          1     0.0972          0
oldpeak         1.0556     0.6222     0.8955     1.8719     0.6111     1.6639
slope           1.6027     1.4691     1.5455     1.9844     1.3194     1.8611
ca              0.6768     0.3951     0.7045     1.1406     0.3333     1.1389
thal            4.7306     3.0494     6.9091     6.2031          3     6.6944
goal            0.9461     0.2099     0.9773     2.1875       0.25       1.75




Time taken to build model (full training data) : 0.02 seconds

=== Model and evaluation on test split ===

kMeans
======

Number of iterations: 6
Within cluster sum of squared errors: 261.1923116251774

Initial starting points (random):

Cluster 0: 65,0,3,140,417,1,2,157,0,0.8,1,1,3,0
Cluster 1: 62,1,2,128,208,1,2,140,0,0,1,0,3,0
Cluster 2: 57,1,4,132,207,0,0,168,1,0,1,0,7,0
Cluster 3: 67,0,4,106,223,0,0,142,0,0.3,1,2,3,0
Cluster 4: 48,1,3,124,255,1,0,175,0,0,1,2,3,0

Missing values globally replaced with mean/mode

Final cluster centroids:
                         Cluster#
Attribute    Full Data          0          1          2          3          4
               (294.0)     (35.0)     (52.0)     (94.0)     (46.0)     (67.0)
=============================================================================
age            54.6088    56.2286    53.8077    57.0213    55.2174    50.5821
sex             0.6803          0          1     0.8617          0          1
cp              3.1667     3.1143     2.5577     3.8404     2.9783     2.8507
trestbps      131.7959   131.9714   134.0385    134.383   130.1087   127.4925
chol          247.5476   283.6571   240.6538   251.8617    243.587   230.7015
fbs             0.1429     0.1429     0.1346     0.1702     0.0652     0.1642
restecg         0.9932     1.9714          2     1.2553     0.0217          0
thalach       149.3571   152.5714   159.2308   134.5745   152.7391   158.4328
exang           0.3299        0.2     0.0769     0.7979     0.1304     0.0746
oldpeak         1.0643        0.7     0.7827     1.8521     0.6109     0.6791
slope           1.6054     1.5143     1.5192     1.9255     1.4565     1.3731
ca              0.6735     0.3429     0.4231     1.2553     0.4565     0.3731
thal            4.7483     3.1143     4.3077     6.4574     3.1739     4.6269
goal            0.9558     0.3143     0.4038     2.2553     0.1739     0.4328




Time taken to build model (percentage split) : 0.01 seconds

Clustered Instances

0      1 ( 33%)
1      1 ( 33%)
3      1 ( 33%)

