=== Run information ===

Scheme:       weka.classifiers.trees.REPTree -M 2 -V 0.001 -N 3 -S 1 -L -1 -I 0.0
Relation:     heart
Instances:    297
Attributes:   14
              age
              sex
              cp
              trestbps
              chol
              fbs
              restecg
              thalach
              exang
              oldpeak
              slope
              ca
              thal
              goal
Test mode:    split 99.0% train, remainder test

=== Classifier model (full training set) ===


REPTree
============

ca < 0.5
|   thal < 4.5
|   |   trestbps < 156.5 : 0.09 (67/0.06) [42/0.18]
|   |   trestbps >= 156.5 : 0.83 (4/0.19) [2/1.06]
|   thal >= 4.5
|   |   oldpeak < 0.9
|   |   |   chol < 240.5
|   |   |   |   age < 41.5 : 0.67 (3/0.22) [0/0]
|   |   |   |   age >= 41.5 : 0.07 (13/0.07) [1/0.01]
|   |   |   chol >= 240.5 : 1 (7/0.98) [4/1.34]
|   |   oldpeak >= 0.9 : 1.58 (20/1.35) [11/2.65]
ca >= 0.5
|   oldpeak < 0.7 : 0.98 (30/1.14) [15/1.58]
|   oldpeak >= 0.7
|   |   thal < 4.5
|   |   |   oldpeak < 2.5 : 0.89 (12/0.83) [7/1.14]
|   |   |   oldpeak >= 2.5 : 3 (3/0.22) [1/1.78]
|   |   thal >= 4.5
|   |   |   trestbps < 144.5 : 2.15 (27/0.93) [13/1.11]
|   |   |   trestbps >= 144.5 : 2.93 (12/0.47) [3/3.36]

Size of the tree : 21

Time taken to build model: 0.01 seconds

=== Evaluation on test split ===

Time taken to test model on test split: 0 seconds

=== Summary ===

Correlation coefficient                  0     
Mean absolute error                      0.3345
Root mean squared error                  0.4397
Relative absolute error                 35.0004 %
Root relative squared error             46.0049 %
Total Number of Instances                3     

